<?xml version="1.0" encoding="UTF-8"?>
<robot generator="Robot 4.0.2 (Python 3.8.5 on linux)" generated="20210518 20:18:55.142" rpa="false" schemaversion="2">
<suite id="s1" name="Amazon" source="/home/lourena/PycharmProjects/amazon">
<suite id="s1-s1" name="Tests" source="/home/lourena/PycharmProjects/amazon/Tests">
<suite id="s1-s1-s1" name="Amazon" source="/home/lourena/PycharmProjects/amazon/Tests/Amazon.robot">
<test id="s1-s1-s1-t1" name="User must sign in to check out">
<kw name="Create Webdriver" library="SeleniumLibrary">
<arg>Chrome</arg>
<arg>executable_path=/home/lourena/bin/chromedriver</arg>
<doc>Creates an instance of Selenium WebDriver.</doc>
<msg timestamp="20210518 20:18:56.735" level="INFO">Creating an instance of the Chrome WebDriver.</msg>
<status status="PASS" starttime="20210518 20:18:56.733" endtime="20210518 20:19:00.951"/>
</kw>
<kw name="Go To" library="SeleniumLibrary">
<arg>https://www.amazon.com.br</arg>
<doc>Navigates the current browser window to the provided ``url``.</doc>
<msg timestamp="20210518 20:19:00.958" level="INFO">Opening url 'https://www.amazon.com.br'</msg>
<status status="PASS" starttime="20210518 20:19:00.954" endtime="20210518 20:19:13.759"/>
</kw>
<kw name="Wait Until Page Contains" library="SeleniumLibrary">
<arg>Mais Vendidos</arg>
<doc>Waits until ``text`` appears on the current page.</doc>
<status status="PASS" starttime="20210518 20:19:13.760" endtime="20210518 20:19:14.391"/>
</kw>
<kw name="Input Text" library="SeleniumLibrary">
<arg>id=twotabsearchtextbox</arg>
<arg>Fone JBL</arg>
<doc>Types the given ``text`` into the text field identified by ``locator``.</doc>
<msg timestamp="20210518 20:19:14.398" level="INFO">Typing text 'Fone JBL' into text field 'id=twotabsearchtextbox'.</msg>
<status status="PASS" starttime="20210518 20:19:14.393" endtime="20210518 20:19:16.055"/>
</kw>
<kw name="Click Button" library="SeleniumLibrary">
<arg>id=nav-search-submit-button</arg>
<doc>Clicks the button identified by ``locator``.</doc>
<msg timestamp="20210518 20:19:16.067" level="INFO">Clicking button 'id=nav-search-submit-button'.</msg>
<status status="PASS" starttime="20210518 20:19:16.060" endtime="20210518 20:19:24.845"/>
</kw>
<kw name="Wait Until Page Contains" library="SeleniumLibrary">
<arg>resultados para "Fone JBL"</arg>
<doc>Waits until ``text`` appears on the current page.</doc>
<status status="PASS" starttime="20210518 20:19:24.858" endtime="20210518 20:19:26.476"/>
</kw>
<kw name="Click Element" library="SeleniumLibrary">
<arg>xpath=//span[contains(@class, 'a-size-base-plus') and text() = 'Fone de Ouvido Bluetooth 125TWS Truly JBL Rosa']</arg>
<doc>Click the element identified by ``locator``.</doc>
<msg timestamp="20210518 20:19:26.484" level="INFO">Clicking element 'xpath=//span[contains(@class, 'a-size-base-plus') and text() = 'Fone de Ouvido Bluetooth 125TWS Truly JBL Rosa']'.</msg>
<status status="PASS" starttime="20210518 20:19:26.479" endtime="20210518 20:19:36.136"/>
</kw>
<kw name="Wait Until Page Contains" library="SeleniumLibrary">
<arg>Em estoque</arg>
<doc>Waits until ``text`` appears on the current page.</doc>
<status status="PASS" starttime="20210518 20:19:36.140" endtime="20210518 20:19:37.800"/>
</kw>
<kw name="Click Button" library="SeleniumLibrary">
<arg>id=add-to-cart-button</arg>
<doc>Clicks the button identified by ``locator``.</doc>
<msg timestamp="20210518 20:19:37.835" level="INFO">Clicking button 'id=add-to-cart-button'.</msg>
<status status="PASS" starttime="20210518 20:19:37.822" endtime="20210518 20:19:43.375"/>
</kw>
<kw name="Wait Until Page Contains" library="SeleniumLibrary">
<arg>Adicionado ao carrinho</arg>
<doc>Waits until ``text`` appears on the current page.</doc>
<status status="PASS" starttime="20210518 20:19:43.380" endtime="20210518 20:19:45.133"/>
</kw>
<kw name="Click Element" library="SeleniumLibrary">
<arg>xpath=//span[contains(@class, 'huc-v2-view-cart')]</arg>
<doc>Click the element identified by ``locator``.</doc>
<msg timestamp="20210518 20:19:45.139" level="INFO">Clicking element 'xpath=//span[contains(@class, 'huc-v2-view-cart')]'.</msg>
<status status="PASS" starttime="20210518 20:19:45.135" endtime="20210518 20:19:48.086"/>
</kw>
<kw name="Page Should Contain Element" library="SeleniumLibrary">
<arg>//div[contains(@class, 'a-row')]/h1</arg>
<doc>Verifies that element ``locator`` is found on the current page.</doc>
<msg timestamp="20210518 20:19:48.743" level="INFO">Current page contains element '//div[contains(@class, 'a-row')]/h1'.</msg>
<status status="PASS" starttime="20210518 20:19:48.088" endtime="20210518 20:19:48.744"/>
</kw>
<kw name="Element Text Should Be" library="SeleniumLibrary">
<arg>//div[contains(@class, 'a-row')]/h1</arg>
<arg>Carrinho de compras</arg>
<doc>Verifies that element ``locator`` contains exact the text ``expected``.</doc>
<msg timestamp="20210518 20:19:48.748" level="INFO">Verifying element '//div[contains(@class, 'a-row')]/h1' contains exact text 'Carrinho de compras'.</msg>
<status status="PASS" starttime="20210518 20:19:48.746" endtime="20210518 20:19:50.471"/>
</kw>
<kw name="Sleep" library="BuiltIn">
<arg>3s</arg>
<doc>Pauses the test executed for the given time.</doc>
<msg timestamp="20210518 20:19:53.481" level="INFO">Slept 3 seconds</msg>
<status status="PASS" starttime="20210518 20:19:50.476" endtime="20210518 20:19:53.481"/>
</kw>
<kw name="Close Browser" library="SeleniumLibrary">
<doc>Closes the current browser.</doc>
<status status="PASS" starttime="20210518 20:19:53.482" endtime="20210518 20:19:53.867"/>
</kw>
<doc>This is some basic info about the test</doc>
<tag>Smoke</tag>
<status status="PASS" starttime="20210518 20:18:56.726" endtime="20210518 20:19:53.870"/>
</test>
<doc>This is some basic info about the whole suite</doc>
<status status="PASS" starttime="20210518 20:18:55.362" endtime="20210518 20:19:53.894"/>
</suite>
<status status="PASS" starttime="20210518 20:18:55.344" endtime="20210518 20:19:53.931"/>
</suite>
<status status="PASS" starttime="20210518 20:18:55.152" endtime="20210518 20:19:53.961"/>
</suite>
<statistics>
<total>
<stat pass="1" fail="0" skip="0">All Tests</stat>
</total>
<tag>
<stat pass="1" fail="0" skip="0">Smoke</stat>
</tag>
<suite>
<stat pass="1" fail="0" skip="0" id="s1" name="Amazon">Amazon</stat>
<stat pass="1" fail="0" skip="0" id="s1-s1" name="Tests">Amazon.Tests</stat>
<stat pass="1" fail="0" skip="0" id="s1-s1-s1" name="Amazon">Amazon.Tests.Amazon</stat>
</suite>
</statistics>
<errors>
</errors>
</robot>
