<?xml version="1.0" encoding="UTF-8"?>
<robot generator="Robot 4.0.2 (Python 3.8.5 on linux)" generated="20210523 12:36:48.069" rpa="false" schemaversion="2">
<suite id="s1" name="Frontoffice" source="/home/lourena/PycharmProjects/challenge/tests/frontoffice.robot">
<test id="s1-t1" name="Should be log in website">
<kw name="Begin The Test" library="common" type="SETUP">
<kw name="Open Browser" library="SeleniumLibrary">
<arg>about:blank</arg>
<arg>${BROWSER}</arg>
<doc>Opens a new browser instance to the optional ``url``.</doc>
<msg timestamp="20210523 12:36:48.250" level="INFO">Opening browser 'chrome' to base url 'about:blank'.</msg>
<status status="PASS" starttime="20210523 12:36:48.249" endtime="20210523 12:36:49.781"/>
</kw>
<kw name="Maximize Browser Window" library="SeleniumLibrary">
<doc>Maximizes current browser window.</doc>
<status status="PASS" starttime="20210523 12:36:49.782" endtime="20210523 12:36:49.896"/>
</kw>
<status status="PASS" starttime="20210523 12:36:48.248" endtime="20210523 12:36:49.897"/>
</kw>
<kw name="Search For Tab" library="frontofficeApp">
<kw name="Load" library="ladingPage">
<kw name="Go To" library="SeleniumLibrary">
<arg>${URL}</arg>
<doc>Navigates the current browser window to the provided ``url``.</doc>
<msg timestamp="20210523 12:36:49.905" level="INFO">Opening url 'http://www.robotframeworktutorial.com/front-office/'</msg>
<status status="PASS" starttime="20210523 12:36:49.905" endtime="20210523 12:37:01.628"/>
</kw>
<status status="PASS" starttime="20210523 12:36:49.900" endtime="20210523 12:37:01.628"/>
</kw>
<kw name="Verify Page Loaded" library="ladingPage">
<kw name="Wait Until Page Contains" library="SeleniumLibrary">
<arg>Welcome To Our Studio!</arg>
<doc>Waits until ``text`` appears on the current page.</doc>
<status status="PASS" starttime="20210523 12:37:01.629" endtime="20210523 12:37:01.647"/>
</kw>
<status status="PASS" starttime="20210523 12:37:01.629" endtime="20210523 12:37:01.647"/>
</kw>
<status status="PASS" starttime="20210523 12:36:49.898" endtime="20210523 12:37:01.647"/>
</kw>
<kw name="End of Test" library="common" type="TEARDOWN">
<kw name="Close Browser" library="SeleniumLibrary">
<doc>Closes the current browser.</doc>
<status status="PASS" starttime="20210523 12:37:01.648" endtime="20210523 12:37:01.712"/>
</kw>
<status status="PASS" starttime="20210523 12:37:01.648" endtime="20210523 12:37:01.712"/>
</kw>
<status status="PASS" starttime="20210523 12:36:48.247" endtime="20210523 12:37:01.713"/>
</test>
<test id="s1-t2" name="Should be select the tab team and verify header">
<kw name="Begin The Test" library="common" type="SETUP">
<kw name="Open Browser" library="SeleniumLibrary">
<arg>about:blank</arg>
<arg>${BROWSER}</arg>
<doc>Opens a new browser instance to the optional ``url``.</doc>
<msg timestamp="20210523 12:37:01.718" level="INFO">Opening browser 'chrome' to base url 'about:blank'.</msg>
<status status="PASS" starttime="20210523 12:37:01.718" endtime="20210523 12:37:03.247"/>
</kw>
<kw name="Maximize Browser Window" library="SeleniumLibrary">
<doc>Maximizes current browser window.</doc>
<status status="PASS" starttime="20210523 12:37:03.248" endtime="20210523 12:37:03.353"/>
</kw>
<status status="PASS" starttime="20210523 12:37:01.716" endtime="20210523 12:37:03.354"/>
</kw>
<kw name="Search For Tab" library="frontofficeApp">
<kw name="Load" library="ladingPage">
<kw name="Go To" library="SeleniumLibrary">
<arg>${URL}</arg>
<doc>Navigates the current browser window to the provided ``url``.</doc>
<msg timestamp="20210523 12:37:03.356" level="INFO">Opening url 'http://www.robotframeworktutorial.com/front-office/'</msg>
<status status="PASS" starttime="20210523 12:37:03.356" endtime="20210523 12:37:06.627"/>
</kw>
<status status="PASS" starttime="20210523 12:37:03.355" endtime="20210523 12:37:06.627"/>
</kw>
<kw name="Verify Page Loaded" library="ladingPage">
<kw name="Wait Until Page Contains" library="SeleniumLibrary">
<arg>Welcome To Our Studio!</arg>
<doc>Waits until ``text`` appears on the current page.</doc>
<status status="PASS" starttime="20210523 12:37:06.629" endtime="20210523 12:37:06.645"/>
</kw>
<status status="PASS" starttime="20210523 12:37:06.628" endtime="20210523 12:37:06.646"/>
</kw>
<status status="PASS" starttime="20210523 12:37:03.354" endtime="20210523 12:37:06.646"/>
</kw>
<kw name="Select Tab Team" library="frontofficeApp">
<kw name="Click Tab Team" library="searchTab">
<kw name="Click Element" library="SeleniumLibrary">
<arg>${TAB_TEAM}</arg>
<doc>Click the element identified by ``locator``.</doc>
<msg timestamp="20210523 12:37:06.648" level="INFO">Clicking element 'xpath=//*[@id="bs-example-navbar-collapse-1"]/ul/li[5]/a'.</msg>
<status status="PASS" starttime="20210523 12:37:06.647" endtime="20210523 12:37:06.714"/>
</kw>
<kw name="Sleep" library="BuiltIn">
<arg>4s</arg>
<doc>Pauses the test executed for the given time.</doc>
<msg timestamp="20210523 12:37:10.716" level="INFO">Slept 4 seconds</msg>
<status status="PASS" starttime="20210523 12:37:06.714" endtime="20210523 12:37:10.716"/>
</kw>
<status status="PASS" starttime="20210523 12:37:06.647" endtime="20210523 12:37:10.716"/>
</kw>
<status status="PASS" starttime="20210523 12:37:06.646" endtime="20210523 12:37:10.716"/>
</kw>
<kw name="Check Header Team" library="frontofficeApp">
<kw name="Check Heading Team" library="checkHeaderTeam">
<kw name="Wait Until Page Contains Element" library="SeleniumLibrary">
<arg>${TEAM_HEADING}</arg>
<doc>Waits until the element ``locator`` appears on the current page.</doc>
<status status="PASS" starttime="20210523 12:37:10.719" endtime="20210523 12:37:10.739"/>
</kw>
<kw name="Get Text" library="SeleniumLibrary">
<var>${ElementText}</var>
<arg>${TEAM_HEADING}</arg>
<doc>Returns the text value of the element identified by ``locator``.</doc>
<msg timestamp="20210523 12:37:10.765" level="INFO">${ElementText} = OUR AMAZING TEAM</msg>
<status status="PASS" starttime="20210523 12:37:10.739" endtime="20210523 12:37:10.766"/>
</kw>
<kw name="Should Be Equal As Strings" library="BuiltIn">
<arg>${ElementText}</arg>
<arg>Our Amazing Team</arg>
<arg>ignore_case=true</arg>
<doc>Fails if objects are unequal after converting them to strings.</doc>
<status status="PASS" starttime="20210523 12:37:10.766" endtime="20210523 12:37:10.766"/>
</kw>
<status status="PASS" starttime="20210523 12:37:10.718" endtime="20210523 12:37:10.766"/>
</kw>
<status status="PASS" starttime="20210523 12:37:10.717" endtime="20210523 12:37:10.767"/>
</kw>
<kw name="End of Test" library="common" type="TEARDOWN">
<kw name="Close Browser" library="SeleniumLibrary">
<doc>Closes the current browser.</doc>
<status status="PASS" starttime="20210523 12:37:10.768" endtime="20210523 12:37:10.827"/>
</kw>
<status status="PASS" starttime="20210523 12:37:10.767" endtime="20210523 12:37:10.828"/>
</kw>
<status status="PASS" starttime="20210523 12:37:01.714" endtime="20210523 12:37:10.828"/>
</test>
<doc>This is a challeng robot test</doc>
<status status="PASS" starttime="20210523 12:36:48.070" endtime="20210523 12:37:10.831"/>
</suite>
<statistics>
<total>
<stat pass="2" fail="0" skip="0">All Tests</stat>
</total>
<tag>
</tag>
<suite>
<stat pass="2" fail="0" skip="0" id="s1" name="Frontoffice">Frontoffice</stat>
</suite>
</statistics>
<errors>
</errors>
</robot>
