<?xml version="1.0" encoding="UTF-8"?>
<robot generator="Robot 4.0.2 (Python 3.8.5 on linux)" generated="20210522 00:17:03.175" rpa="false" schemaversion="2">
<suite id="s1" name="Amazon" source="/home/lourena/PycharmProjects/amazon/tests/amazon.robot">
<test id="s1-t1" name="Logged out user should be able to serach for products">
<kw name="Begining The Test" library="common" type="SETUP">
<kw name="Open Browser" library="SeleniumLibrary">
<arg>about:blank</arg>
<arg>${BROWSER}</arg>
<doc>Opens a new browser instance to the optional ``url``.</doc>
<msg timestamp="20210522 00:17:03.369" level="INFO">Opening browser 'chrome' to base url 'about:blank'.</msg>
<status status="PASS" starttime="20210522 00:17:03.368" endtime="20210522 00:17:03.939"/>
</kw>
<status status="PASS" starttime="20210522 00:17:03.367" endtime="20210522 00:17:03.940"/>
</kw>
<kw name="Search For Products" library="amazonApp">
<kw name="Load" library="landingPage">
<kw name="Go To" library="SeleniumLibrary">
<arg>${START_URL}</arg>
<doc>Navigates the current browser window to the provided ``url``.</doc>
<msg timestamp="20210522 00:17:03.944" level="INFO">Opening url 'https://www.amazon.com.br'</msg>
<status status="PASS" starttime="20210522 00:17:03.944" endtime="20210522 00:17:09.486"/>
</kw>
<status status="PASS" starttime="20210522 00:17:03.943" endtime="20210522 00:17:09.486"/>
</kw>
<kw name="Verify Page Loaded" library="landingPage">
<kw name="Wait Until Page Contains" library="SeleniumLibrary">
<arg>Mais Vendidos</arg>
<doc>Waits until ``text`` appears on the current page.</doc>
<status status="PASS" starttime="20210522 00:17:09.488" endtime="20210522 00:17:09.620"/>
</kw>
<status status="PASS" starttime="20210522 00:17:09.487" endtime="20210522 00:17:09.620"/>
</kw>
<kw name="Enter Search Term" library="topNav">
<kw name="Input Text" library="SeleniumLibrary">
<arg>${TOPNAV_SEARCH_BAR}</arg>
<arg>${SEARCH_TERM}</arg>
<doc>Types the given ``text`` into the text field identified by ``locator``.</doc>
<msg timestamp="20210522 00:17:09.623" level="INFO">Typing text 'Fone JBL' into text field 'id=twotabsearchtextbox'.</msg>
<status status="PASS" starttime="20210522 00:17:09.621" endtime="20210522 00:17:09.874"/>
</kw>
<status status="PASS" starttime="20210522 00:17:09.621" endtime="20210522 00:17:09.874"/>
</kw>
<kw name="Submit Search" library="topNav">
<kw name="Click Button" library="SeleniumLibrary">
<arg>${TOPNAV_SEARCH_BUTTON}</arg>
<doc>Clicks the button identified by ``locator``.</doc>
<msg timestamp="20210522 00:17:09.876" level="INFO">Clicking button 'id=nav-search-submit-button'.</msg>
<status status="PASS" starttime="20210522 00:17:09.875" endtime="20210522 00:17:13.072"/>
</kw>
<status status="PASS" starttime="20210522 00:17:09.874" endtime="20210522 00:17:13.073"/>
</kw>
<kw name="Verify Search Completed" library="searchResults">
<kw name="Wait Until Page Contains" library="SeleniumLibrary">
<arg>resultados para "${SEARCH_TERM}"</arg>
<doc>Waits until ``text`` appears on the current page.</doc>
<status status="PASS" starttime="20210522 00:17:13.074" endtime="20210522 00:17:13.184"/>
</kw>
<status status="PASS" starttime="20210522 00:17:13.073" endtime="20210522 00:17:13.184"/>
</kw>
<status status="PASS" starttime="20210522 00:17:03.942" endtime="20210522 00:17:13.184"/>
</kw>
<kw name="End of Test" library="common" type="TEARDOWN">
<kw name="Close Browser" library="SeleniumLibrary">
<doc>Closes the current browser.</doc>
<status status="PASS" starttime="20210522 00:17:13.186" endtime="20210522 00:17:13.263"/>
</kw>
<status status="PASS" starttime="20210522 00:17:13.185" endtime="20210522 00:17:13.264"/>
</kw>
<status status="PASS" starttime="20210522 00:17:03.365" endtime="20210522 00:17:13.264"/>
</test>
<test id="s1-t2" name="Logged out user should be able to view a product">
<kw name="Begining The Test" library="common" type="SETUP">
<kw name="Open Browser" library="SeleniumLibrary">
<arg>about:blank</arg>
<arg>${BROWSER}</arg>
<doc>Opens a new browser instance to the optional ``url``.</doc>
<msg timestamp="20210522 00:17:13.271" level="INFO">Opening browser 'chrome' to base url 'about:blank'.</msg>
<status status="PASS" starttime="20210522 00:17:13.270" endtime="20210522 00:17:14.926"/>
</kw>
<status status="PASS" starttime="20210522 00:17:13.269" endtime="20210522 00:17:14.928"/>
</kw>
<kw name="Search For Products" library="amazonApp">
<kw name="Load" library="landingPage">
<kw name="Go To" library="SeleniumLibrary">
<arg>${START_URL}</arg>
<doc>Navigates the current browser window to the provided ``url``.</doc>
<msg timestamp="20210522 00:17:14.933" level="INFO">Opening url 'https://www.amazon.com.br'</msg>
<status status="PASS" starttime="20210522 00:17:14.932" endtime="20210522 00:17:21.988"/>
</kw>
<status status="PASS" starttime="20210522 00:17:14.931" endtime="20210522 00:17:21.989"/>
</kw>
<kw name="Verify Page Loaded" library="landingPage">
<kw name="Wait Until Page Contains" library="SeleniumLibrary">
<arg>Mais Vendidos</arg>
<doc>Waits until ``text`` appears on the current page.</doc>
<status status="PASS" starttime="20210522 00:17:21.990" endtime="20210522 00:17:22.190"/>
</kw>
<status status="PASS" starttime="20210522 00:17:21.989" endtime="20210522 00:17:22.192"/>
</kw>
<kw name="Enter Search Term" library="topNav">
<kw name="Input Text" library="SeleniumLibrary">
<arg>${TOPNAV_SEARCH_BAR}</arg>
<arg>${SEARCH_TERM}</arg>
<doc>Types the given ``text`` into the text field identified by ``locator``.</doc>
<msg timestamp="20210522 00:17:22.196" level="INFO">Typing text 'Fone JBL' into text field 'id=twotabsearchtextbox'.</msg>
<status status="PASS" starttime="20210522 00:17:22.195" endtime="20210522 00:17:22.588"/>
</kw>
<status status="PASS" starttime="20210522 00:17:22.194" endtime="20210522 00:17:22.588"/>
</kw>
<kw name="Submit Search" library="topNav">
<kw name="Click Button" library="SeleniumLibrary">
<arg>${TOPNAV_SEARCH_BUTTON}</arg>
<doc>Clicks the button identified by ``locator``.</doc>
<msg timestamp="20210522 00:17:22.589" level="INFO">Clicking button 'id=nav-search-submit-button'.</msg>
<status status="PASS" starttime="20210522 00:17:22.589" endtime="20210522 00:17:24.939"/>
</kw>
<status status="PASS" starttime="20210522 00:17:22.588" endtime="20210522 00:17:24.940"/>
</kw>
<kw name="Verify Search Completed" library="searchResults">
<kw name="Wait Until Page Contains" library="SeleniumLibrary">
<arg>resultados para "${SEARCH_TERM}"</arg>
<doc>Waits until ``text`` appears on the current page.</doc>
<status status="PASS" starttime="20210522 00:17:24.941" endtime="20210522 00:17:24.980"/>
</kw>
<status status="PASS" starttime="20210522 00:17:24.940" endtime="20210522 00:17:24.981"/>
</kw>
<status status="PASS" starttime="20210522 00:17:14.929" endtime="20210522 00:17:24.981"/>
</kw>
<kw name="Select Products from Search Results" library="amazonApp">
<kw name="Click Product Link" library="searchResults">
<doc>Click in the product with the description: Fone de Ouvido Bluetooth 125TWS Truly JBL Rosa</doc>
<kw name="Click Element" library="SeleniumLibrary">
<arg>xpath=//span[contains(@class, 'a-size-base-plus') and text() = 'Fone de Ouvido Bluetooth 125TWS Truly JBL Rosa']</arg>
<doc>Click the element identified by ``locator``.</doc>
<msg timestamp="20210522 00:17:24.984" level="INFO">Clicking element 'xpath=//span[contains(@class, 'a-size-base-plus') and text() = 'Fone de Ouvido Bluetooth 125TWS Truly JBL Rosa']'.</msg>
<status status="PASS" starttime="20210522 00:17:24.983" endtime="20210522 00:17:28.129"/>
</kw>
<status status="PASS" starttime="20210522 00:17:24.983" endtime="20210522 00:17:28.129"/>
</kw>
<kw name="Verify Page Loaded" library="product">
<kw name="Wait Until Page Contains" library="SeleniumLibrary">
<arg>Em estoque</arg>
<doc>Waits until ``text`` appears on the current page.</doc>
<status status="PASS" starttime="20210522 00:17:28.130" endtime="20210522 00:17:28.166"/>
</kw>
<status status="PASS" starttime="20210522 00:17:28.129" endtime="20210522 00:17:28.166"/>
</kw>
<status status="PASS" starttime="20210522 00:17:24.982" endtime="20210522 00:17:28.166"/>
</kw>
<kw name="End of Test" library="common" type="TEARDOWN">
<kw name="Close Browser" library="SeleniumLibrary">
<doc>Closes the current browser.</doc>
<status status="PASS" starttime="20210522 00:17:28.168" endtime="20210522 00:17:28.251"/>
</kw>
<status status="PASS" starttime="20210522 00:17:28.167" endtime="20210522 00:17:28.252"/>
</kw>
<status status="PASS" starttime="20210522 00:17:13.266" endtime="20210522 00:17:28.252"/>
</test>
<test id="s1-t3" name="Logged out user should be able to add product to cart">
<kw name="Begining The Test" library="common" type="SETUP">
<kw name="Open Browser" library="SeleniumLibrary">
<arg>about:blank</arg>
<arg>${BROWSER}</arg>
<doc>Opens a new browser instance to the optional ``url``.</doc>
<msg timestamp="20210522 00:17:28.255" level="INFO">Opening browser 'chrome' to base url 'about:blank'.</msg>
<status status="PASS" starttime="20210522 00:17:28.254" endtime="20210522 00:17:29.923"/>
</kw>
<status status="PASS" starttime="20210522 00:17:28.254" endtime="20210522 00:17:29.924"/>
</kw>
<kw name="Search For Products" library="amazonApp">
<kw name="Load" library="landingPage">
<kw name="Go To" library="SeleniumLibrary">
<arg>${START_URL}</arg>
<doc>Navigates the current browser window to the provided ``url``.</doc>
<msg timestamp="20210522 00:17:29.929" level="INFO">Opening url 'https://www.amazon.com.br'</msg>
<status status="PASS" starttime="20210522 00:17:29.928" endtime="20210522 00:17:38.838"/>
</kw>
<status status="PASS" starttime="20210522 00:17:29.927" endtime="20210522 00:17:38.838"/>
</kw>
<kw name="Verify Page Loaded" library="landingPage">
<kw name="Wait Until Page Contains" library="SeleniumLibrary">
<arg>Mais Vendidos</arg>
<doc>Waits until ``text`` appears on the current page.</doc>
<status status="PASS" starttime="20210522 00:17:38.840" endtime="20210522 00:17:38.964"/>
</kw>
<status status="PASS" starttime="20210522 00:17:38.839" endtime="20210522 00:17:38.965"/>
</kw>
<kw name="Enter Search Term" library="topNav">
<kw name="Input Text" library="SeleniumLibrary">
<arg>${TOPNAV_SEARCH_BAR}</arg>
<arg>${SEARCH_TERM}</arg>
<doc>Types the given ``text`` into the text field identified by ``locator``.</doc>
<msg timestamp="20210522 00:17:38.967" level="INFO">Typing text 'Fone JBL' into text field 'id=twotabsearchtextbox'.</msg>
<status status="PASS" starttime="20210522 00:17:38.966" endtime="20210522 00:17:39.240"/>
</kw>
<status status="PASS" starttime="20210522 00:17:38.965" endtime="20210522 00:17:39.241"/>
</kw>
<kw name="Submit Search" library="topNav">
<kw name="Click Button" library="SeleniumLibrary">
<arg>${TOPNAV_SEARCH_BUTTON}</arg>
<doc>Clicks the button identified by ``locator``.</doc>
<msg timestamp="20210522 00:17:39.244" level="INFO">Clicking button 'id=nav-search-submit-button'.</msg>
<status status="PASS" starttime="20210522 00:17:39.243" endtime="20210522 00:17:41.774"/>
</kw>
<status status="PASS" starttime="20210522 00:17:39.242" endtime="20210522 00:17:41.775"/>
</kw>
<kw name="Verify Search Completed" library="searchResults">
<kw name="Wait Until Page Contains" library="SeleniumLibrary">
<arg>resultados para "${SEARCH_TERM}"</arg>
<doc>Waits until ``text`` appears on the current page.</doc>
<status status="PASS" starttime="20210522 00:17:41.776" endtime="20210522 00:17:41.810"/>
</kw>
<status status="PASS" starttime="20210522 00:17:41.775" endtime="20210522 00:17:41.810"/>
</kw>
<status status="PASS" starttime="20210522 00:17:29.925" endtime="20210522 00:17:41.810"/>
</kw>
<kw name="Select Products from Search Results" library="amazonApp">
<kw name="Click Product Link" library="searchResults">
<doc>Click in the product with the description: Fone de Ouvido Bluetooth 125TWS Truly JBL Rosa</doc>
<kw name="Click Element" library="SeleniumLibrary">
<arg>xpath=//span[contains(@class, 'a-size-base-plus') and text() = 'Fone de Ouvido Bluetooth 125TWS Truly JBL Rosa']</arg>
<doc>Click the element identified by ``locator``.</doc>
<msg timestamp="20210522 00:17:41.812" level="INFO">Clicking element 'xpath=//span[contains(@class, 'a-size-base-plus') and text() = 'Fone de Ouvido Bluetooth 125TWS Truly JBL Rosa']'.</msg>
<status status="PASS" starttime="20210522 00:17:41.812" endtime="20210522 00:17:53.380"/>
</kw>
<status status="PASS" starttime="20210522 00:17:41.812" endtime="20210522 00:17:53.380"/>
</kw>
<kw name="Verify Page Loaded" library="product">
<kw name="Wait Until Page Contains" library="SeleniumLibrary">
<arg>Em estoque</arg>
<doc>Waits until ``text`` appears on the current page.</doc>
<status status="PASS" starttime="20210522 00:17:53.381" endtime="20210522 00:17:53.414"/>
</kw>
<status status="PASS" starttime="20210522 00:17:53.380" endtime="20210522 00:17:53.414"/>
</kw>
<status status="PASS" starttime="20210522 00:17:41.811" endtime="20210522 00:17:53.415"/>
</kw>
<kw name="Add Products to Cart" library="amazonApp">
<kw name="Add to Cart" library="product">
<kw name="Click Button" library="SeleniumLibrary">
<arg>id=add-to-cart-button</arg>
<doc>Clicks the button identified by ``locator``.</doc>
<msg timestamp="20210522 00:17:53.416" level="INFO">Clicking button 'id=add-to-cart-button'.</msg>
<status status="PASS" starttime="20210522 00:17:53.416" endtime="20210522 00:17:55.245"/>
</kw>
<status status="PASS" starttime="20210522 00:17:53.415" endtime="20210522 00:17:55.245"/>
</kw>
<kw name="Verify Product Added" library="checkCart">
<kw name="Wait Until Page Contains" library="SeleniumLibrary">
<arg>Adicionado ao carrinho</arg>
<doc>Waits until ``text`` appears on the current page.</doc>
<status status="PASS" starttime="20210522 00:17:55.246" endtime="20210522 00:17:55.298"/>
</kw>
<status status="PASS" starttime="20210522 00:17:55.245" endtime="20210522 00:17:55.298"/>
</kw>
<status status="PASS" starttime="20210522 00:17:53.415" endtime="20210522 00:17:55.298"/>
</kw>
<kw name="End of Test" library="common" type="TEARDOWN">
<kw name="Close Browser" library="SeleniumLibrary">
<doc>Closes the current browser.</doc>
<status status="PASS" starttime="20210522 00:17:55.300" endtime="20210522 00:17:55.383"/>
</kw>
<status status="PASS" starttime="20210522 00:17:55.299" endtime="20210522 00:17:55.384"/>
</kw>
<status status="PASS" starttime="20210522 00:17:28.253" endtime="20210522 00:17:55.384"/>
</test>
<test id="s1-t4" name="Logged out user should be able to check the cart">
<kw name="Begining The Test" library="common" type="SETUP">
<kw name="Open Browser" library="SeleniumLibrary">
<arg>about:blank</arg>
<arg>${BROWSER}</arg>
<doc>Opens a new browser instance to the optional ``url``.</doc>
<msg timestamp="20210522 00:17:55.387" level="INFO">Opening browser 'chrome' to base url 'about:blank'.</msg>
<status status="PASS" starttime="20210522 00:17:55.386" endtime="20210522 00:17:57.037"/>
</kw>
<status status="PASS" starttime="20210522 00:17:55.385" endtime="20210522 00:17:57.037"/>
</kw>
<kw name="Search For Products" library="amazonApp">
<kw name="Load" library="landingPage">
<kw name="Go To" library="SeleniumLibrary">
<arg>${START_URL}</arg>
<doc>Navigates the current browser window to the provided ``url``.</doc>
<msg timestamp="20210522 00:17:57.041" level="INFO">Opening url 'https://www.amazon.com.br'</msg>
<status status="PASS" starttime="20210522 00:17:57.040" endtime="20210522 00:18:03.206"/>
</kw>
<status status="PASS" starttime="20210522 00:17:57.040" endtime="20210522 00:18:03.207"/>
</kw>
<kw name="Verify Page Loaded" library="landingPage">
<kw name="Wait Until Page Contains" library="SeleniumLibrary">
<arg>Mais Vendidos</arg>
<doc>Waits until ``text`` appears on the current page.</doc>
<status status="PASS" starttime="20210522 00:18:03.210" endtime="20210522 00:18:03.322"/>
</kw>
<status status="PASS" starttime="20210522 00:18:03.207" endtime="20210522 00:18:03.323"/>
</kw>
<kw name="Enter Search Term" library="topNav">
<kw name="Input Text" library="SeleniumLibrary">
<arg>${TOPNAV_SEARCH_BAR}</arg>
<arg>${SEARCH_TERM}</arg>
<doc>Types the given ``text`` into the text field identified by ``locator``.</doc>
<msg timestamp="20210522 00:18:03.324" level="INFO">Typing text 'Fone JBL' into text field 'id=twotabsearchtextbox'.</msg>
<status status="PASS" starttime="20210522 00:18:03.323" endtime="20210522 00:18:03.601"/>
</kw>
<status status="PASS" starttime="20210522 00:18:03.323" endtime="20210522 00:18:03.601"/>
</kw>
<kw name="Submit Search" library="topNav">
<kw name="Click Button" library="SeleniumLibrary">
<arg>${TOPNAV_SEARCH_BUTTON}</arg>
<doc>Clicks the button identified by ``locator``.</doc>
<msg timestamp="20210522 00:18:03.602" level="INFO">Clicking button 'id=nav-search-submit-button'.</msg>
<status status="PASS" starttime="20210522 00:18:03.602" endtime="20210522 00:18:06.317"/>
</kw>
<status status="PASS" starttime="20210522 00:18:03.602" endtime="20210522 00:18:06.317"/>
</kw>
<kw name="Verify Search Completed" library="searchResults">
<kw name="Wait Until Page Contains" library="SeleniumLibrary">
<arg>resultados para "${SEARCH_TERM}"</arg>
<doc>Waits until ``text`` appears on the current page.</doc>
<status status="PASS" starttime="20210522 00:18:06.318" endtime="20210522 00:18:06.351"/>
</kw>
<status status="PASS" starttime="20210522 00:18:06.317" endtime="20210522 00:18:06.352"/>
</kw>
<status status="PASS" starttime="20210522 00:17:57.038" endtime="20210522 00:18:06.352"/>
</kw>
<kw name="Select Products from Search Results" library="amazonApp">
<kw name="Click Product Link" library="searchResults">
<doc>Click in the product with the description: Fone de Ouvido Bluetooth 125TWS Truly JBL Rosa</doc>
<kw name="Click Element" library="SeleniumLibrary">
<arg>xpath=//span[contains(@class, 'a-size-base-plus') and text() = 'Fone de Ouvido Bluetooth 125TWS Truly JBL Rosa']</arg>
<doc>Click the element identified by ``locator``.</doc>
<msg timestamp="20210522 00:18:06.368" level="INFO">Clicking element 'xpath=//span[contains(@class, 'a-size-base-plus') and text() = 'Fone de Ouvido Bluetooth 125TWS Truly JBL Rosa']'.</msg>
<status status="PASS" starttime="20210522 00:18:06.367" endtime="20210522 00:18:10.693"/>
</kw>
<status status="PASS" starttime="20210522 00:18:06.365" endtime="20210522 00:18:10.693"/>
</kw>
<kw name="Verify Page Loaded" library="product">
<kw name="Wait Until Page Contains" library="SeleniumLibrary">
<arg>Em estoque</arg>
<doc>Waits until ``text`` appears on the current page.</doc>
<status status="PASS" starttime="20210522 00:18:10.694" endtime="20210522 00:18:10.726"/>
</kw>
<status status="PASS" starttime="20210522 00:18:10.694" endtime="20210522 00:18:10.726"/>
</kw>
<status status="PASS" starttime="20210522 00:18:06.354" endtime="20210522 00:18:10.727"/>
</kw>
<kw name="Add Products to Cart" library="amazonApp">
<kw name="Add to Cart" library="product">
<kw name="Click Button" library="SeleniumLibrary">
<arg>id=add-to-cart-button</arg>
<doc>Clicks the button identified by ``locator``.</doc>
<msg timestamp="20210522 00:18:10.729" level="INFO">Clicking button 'id=add-to-cart-button'.</msg>
<status status="PASS" starttime="20210522 00:18:10.728" endtime="20210522 00:18:12.430"/>
</kw>
<status status="PASS" starttime="20210522 00:18:10.728" endtime="20210522 00:18:12.430"/>
</kw>
<kw name="Verify Product Added" library="checkCart">
<kw name="Wait Until Page Contains" library="SeleniumLibrary">
<arg>Adicionado ao carrinho</arg>
<doc>Waits until ``text`` appears on the current page.</doc>
<status status="PASS" starttime="20210522 00:18:12.432" endtime="20210522 00:18:12.486"/>
</kw>
<status status="PASS" starttime="20210522 00:18:12.431" endtime="20210522 00:18:12.486"/>
</kw>
<status status="PASS" starttime="20210522 00:18:10.727" endtime="20210522 00:18:12.487"/>
</kw>
<kw name="Checking the cart" library="amazonApp">
<kw name="Proceed to Cart" library="checkCart">
<kw name="Click Element" library="SeleniumLibrary">
<arg>xpath=//span[contains(@class, 'huc-v2-view-cart')]</arg>
<doc>Click the element identified by ``locator``.</doc>
<msg timestamp="20210522 00:18:12.494" level="INFO">Clicking element 'xpath=//span[contains(@class, 'huc-v2-view-cart')]'.</msg>
<status status="PASS" starttime="20210522 00:18:12.490" endtime="20210522 00:18:15.525"/>
</kw>
<status status="PASS" starttime="20210522 00:18:12.489" endtime="20210522 00:18:15.525"/>
</kw>
<kw name="Verify Cart Page" library="cart">
<kw name="Page Should Contain Element" library="SeleniumLibrary">
<arg>${CART_MAIN_HEADING}</arg>
<doc>Verifies that element ``locator`` is found on the current page.</doc>
<msg timestamp="20210522 00:18:15.638" level="INFO">Current page contains element 'xpath=//h1'.</msg>
<status status="PASS" starttime="20210522 00:18:15.526" endtime="20210522 00:18:15.638"/>
</kw>
<kw name="Element Text Should Be" library="SeleniumLibrary">
<arg>${CART_MAIN_HEADING}</arg>
<arg>Carrinho de compras</arg>
<doc>Verifies that element ``locator`` contains exact the text ``expected``.</doc>
<msg timestamp="20210522 00:18:15.639" level="INFO">Verifying element 'xpath=//h1' contains exact text 'Carrinho de compras'.</msg>
<status status="PASS" starttime="20210522 00:18:15.638" endtime="20210522 00:18:15.680"/>
</kw>
<status status="PASS" starttime="20210522 00:18:15.525" endtime="20210522 00:18:15.681"/>
</kw>
<status status="PASS" starttime="20210522 00:18:12.487" endtime="20210522 00:18:15.681"/>
</kw>
<kw name="End of Test" library="common" type="TEARDOWN">
<kw name="Close Browser" library="SeleniumLibrary">
<doc>Closes the current browser.</doc>
<status status="PASS" starttime="20210522 00:18:15.682" endtime="20210522 00:18:15.762"/>
</kw>
<status status="PASS" starttime="20210522 00:18:15.681" endtime="20210522 00:18:15.762"/>
</kw>
<status status="PASS" starttime="20210522 00:17:55.385" endtime="20210522 00:18:15.762"/>
</test>
<doc>This is some basic info about the whole suite</doc>
<status status="PASS" starttime="20210522 00:17:03.177" endtime="20210522 00:18:15.765"/>
</suite>
<statistics>
<total>
<stat pass="4" fail="0" skip="0">All Tests</stat>
</total>
<tag>
</tag>
<suite>
<stat pass="4" fail="0" skip="0" id="s1" name="Amazon">Amazon</stat>
</suite>
</statistics>
<errors>
</errors>
</robot>
